Ewelina Kowalska
Katarzyna Rodak
Magda Kijek
Magda Pac
Poniedziałek 1.6.2009 16:00
AB
-------------------------------
Marta Panek
Ela Marzec
Kinga Kraj
Agnieszka Szaniawska
Poniedziałek 1.6.2009 16:00
C
-------------------------------
Edyta Wiśniewska
Katarzyna Rodak
Magda Kijek
Magda Pac
Poniedziałek 1.6.2009 17:00
AB
-------------------------------
Kamila Malecka
Ojciec Piotr
Katarzyna Rodak
Magda Pac
Poniedziałek 1.6.2009 18:00
AB
-------------------------------
Maria Wilczyńska
Ela Marzec
Kinga Kraj
Agnieszka Szaniawska
Poniedziałek 1.6.2009 17:00
D
-------------------------------
Piotr Dolecki
Ojciec Piotr
Michał Czakon
Paweł Nowak
Środa 3.6.2009 18:30
AB
-------------------------------
Tomek Marczuk
Ojciec Piotr
Waldek Horbowicz
Paweł Nowak
Poniedziałek 1.6.2009 19:00
AB
-------------------------------
Kamil Przybyś
Krzysiek Woszczak
Michał Czakon
Paweł Nowak
Poniedziałek 1.6.2009 15:00
AB
-------------------------------
Michał Kot
Michał Czakon
Waldek Horbowicz
Paweł Nowak
Poniedziałek 1.6.2009 12:00
AB
-------------------------------
